<?xml version="1.0" encoding="UTF-8"?>
<Site BuildName="(empty)"
	BuildStamp="20251112-0753-Experimental"
	Name="(empty)"
	Generator="ctest-3.28.3"
	CompilerName=""
	CompilerVersion=""
	OSName="Linux"
	Hostname="RrichardZang"
	OSRelease="6.14.0-35-generic"
	OSVersion="#35~24.04.1-Ubuntu SMP PREEMPT_DYNAMIC Tue Oct 14 13:55:17 UTC 2"
	OSPlatform="x86_64"
	Is64Bits="1"
	VendorString="GenuineIntel"
	VendorID="Intel Corporation"
	FamilyID="6"
	ModelID="140"
	ProcessorCacheSize="12288"
	NumberOfLogicalCPU="8"
	NumberOfPhysicalCPU="4"
	TotalVirtualMemory="30517"
	TotalPhysicalMemory="15777"
	LogicalProcessorsPerPhysical="2"
	ProcessorClockFrequency="3692.59"
	>
	<Testing>
		<StartDateTime>Nov 12 16:23 CST</StartDateTime>
		<StartTestTime>1762935814</StartTestTime>
		<TestList/>
		<EndDateTime>Nov 12 16:23 CST</EndDateTime>
		<EndTestTime>1762935814</EndTestTime>
		<ElapsedMinutes>0</ElapsedMinutes>
	</Testing>
</Site>
